
running 3 tests
test database::test_get_value ... ok
test database::test_print_all_values ... ok
test database::test_save ... FAILED

failures:

---- database::test_save stdout ----
	thread 'database::test_save' panicked at 'index not found', libcore/option.rs:914:5
note: Some details are omitted, run with `RUST_BACKTRACE=full` for a verbose backtrace.
stack backtrace:
   0: std::sys::unix::backtrace::tracing::imp::unwind_backtrace
             at libstd/sys/unix/backtrace/tracing/gcc_s.rs:49
   1: std::sys_common::backtrace::print
             at libstd/sys_common/backtrace.rs:71
             at libstd/sys_common/backtrace.rs:59
   2: std::panicking::default_hook::{{closure}}
             at libstd/panicking.rs:206
   3: std::panicking::default_hook
             at libstd/panicking.rs:216
   4: std::panicking::begin_panic
             at libstd/panicking.rs:400
   5: std::panicking::try::do_call
             at libstd/panicking.rs:347
   6: std::panicking::try::do_call
             at libstd/panicking.rs:323
   7: <&'a T as core::fmt::Display>::fmt
             at libcore/panicking.rs:71
   8: core::ptr::drop_in_place
             at libcore/option.rs:914
   9: <core::option::Option<T>>::expect
             at /Users/travis/build/rust-lang/rust/src/libcore/option.rs:302
  10: <toml::value::Value as core::ops::index::Index<I>>::index
             at /Users/sam/.cargo/registry/src/github.com-1ecc6299db9ec823/toml-0.4.6/src/value.rs:213
  11: shack::database::get_value
             at src/database.rs:60
  12: shack::database::test_save
             at src/database.rs:46
  13: shack::__test::TESTS::{{closure}}
             at src/database.rs:44
  14: core::ops::function::FnOnce::call_once
             at /Users/travis/build/rust-lang/rust/src/libcore/ops/function.rs:223
  15: <F as alloc::boxed::FnBox<A>>::call_box
             at libtest/lib.rs:1452
             at /Users/travis/build/rust-lang/rust/src/libcore/ops/function.rs:223
             at /Users/travis/build/rust-lang/rust/src/liballoc/boxed.rs:635
  16: panic_unwind::dwarf::eh::read_encoded_pointer
             at libpanic_unwind/lib.rs:101


failures:
    database::test_save

test result: FAILED. 2 passed; 1 failed; 0 ignored; 0 measured; 0 filtered out

